platforms/android/build/outputs/logs/manifest-merger-debug-report.txt
-- Merging decision tree log ---
manifest
ADDED from platforms\android\AndroidManifest.xml:2:1-18:12
	package
		ADDED from platforms\android\AndroidManifest.xml:2:138-171
		INJECTED from platforms\android\AndroidManifest.xml
		INJECTED from platforms\android\AndroidManifest.xml
	android:versionName
		ADDED from platforms\android\AndroidManifest.xml:2:70-97
		INJECTED from platforms\android\AndroidManifest.xml
		INJECTED from platforms\android\AndroidManifest.xml
	android:hardwareAccelerated
		ADDED from platforms\android\AndroidManifest.xml:2:11-45
	android:windowSoftInputMode
		ADDED from platforms\android\AndroidManifest.xml:2:98-137
	android:versionCode
		ADDED from platforms\android\AndroidManifest.xml:2:46-69
		INJECTED from platforms\android\AndroidManifest.xml
		INJECTED from platforms\android\AndroidManifest.xml
	xmlns:android
		ADDED from platforms\android\AndroidManifest.xml:2:172-230
supports-screens
ADDED from platforms\android\AndroidManifest.xml:3:5-191
	android:largeScreens
		ADDED from platforms\android\AndroidManifest.xml:3:49-76
	android:smallScreens
		ADDED from platforms\android\AndroidManifest.xml:3:132-159
	android:normalScreens
		ADDED from platforms\android\AndroidManifest.xml:3:77-105
	android:xlargeScreens
		ADDED from platforms\android\AndroidManifest.xml:3:160-188
	android:resizeable
		ADDED from platforms\android\AndroidManifest.xml:3:106-131
	android:anyDensity
		ADDED from platforms\android\AndroidManifest.xml:3:23-48
uses-permission#android.permission.INTERNET
ADDED from platforms\android\AndroidManifest.xml:4:5-67
	android:name
		ADDED from platforms\android\AndroidManifest.xml:4:22-64
uses-permission#android.permission.CAMERA
ADDED from platforms\android\AndroidManifest.xml:5:5-65
	android:name
		ADDED from platforms\android\AndroidManifest.xml:5:22-62
uses-feature#android.hardware.camera
ADDED from platforms\android\AndroidManifest.xml:6:5-60
	android:name
		ADDED from platforms\android\AndroidManifest.xml:6:19-57
uses-feature#android.hardware.camera.autofocus
ADDED from platforms\android\AndroidManifest.xml:7:5-70
	android:name
		ADDED from platforms\android\AndroidManifest.xml:7:19-67
application
ADDED from platforms\android\AndroidManifest.xml:8:5-15:19
	android:label
		ADDED from platforms\android\AndroidManifest.xml:8:83-115
	android:hardwareAccelerated
		ADDED from platforms\android\AndroidManifest.xml:8:18-52
	android:icon
		ADDED from platforms\android\AndroidManifest.xml:8:53-82
activity#io.cordova.hellocordova.ComeraTest
ADDED from platforms\android\AndroidManifest.xml:9:9-14:20
	android:label
		ADDED from platforms\android\AndroidManifest.xml:9:97-129
	android:launchMode
		ADDED from platforms\android\AndroidManifest.xml:9:130-160
	android:configChanges
		ADDED from platforms\android\AndroidManifest.xml:9:19-96
	android:theme
		ADDED from platforms\android\AndroidManifest.xml:9:187-240
	android:name
		ADDED from platforms\android\AndroidManifest.xml:9:161-186
intent-filter#android.intent.action.MAIN+android.intent.category.LAUNCHER
ADDED from platforms\android\AndroidManifest.xml:10:13-13:29
action#android.intent.action.MAIN
ADDED from platforms\android\AndroidManifest.xml:11:17-69
	android:name
		ADDED from platforms\android\AndroidManifest.xml:11:25-66
category#android.intent.category.LAUNCHER
ADDED from platforms\android\AndroidManifest.xml:12:17-77
	android:name
		ADDED from platforms\android\AndroidManifest.xml:12:27-74
uses-sdk
ADDED from platforms\android\AndroidManifest.xml:16:5-74
MERGED from [android:CordovaLib:unspecified:debug] AndroidManifest.xml:25:5-44
	android:targetSdkVersion
		ADDED from platforms\android\AndroidManifest.xml:16:42-71
	android:minSdkVersion
		ADDED from platforms\android\AndroidManifest.xml:16:15-41
uses-permission#android.permission.WRITE_EXTERNAL_STORAGE
ADDED from platforms\android\AndroidManifest.xml:17:5-81
	android:name
		ADDED from platforms\android\AndroidManifest.xml:17:22-78